  源.cpp
f:\opencv3.2\build\include\opencv2\core\mat.hpp(2586): warning C4819: 该文件包含不能在当前代码页(936)中表示的字符。请将该文件保存为 Unicode 格式以防止数据丢失
f:\opencv3.2\build\include\opencv2\core\persistence.hpp : warning C4819: 该文件包含不能在当前代码页(936)中表示的字符。请将该文件保存为 Unicode 格式以防止数据丢失
f:\opencv3.2\build\include\opencv2\core\utility.hpp : warning C4819: 该文件包含不能在当前代码页(936)中表示的字符。请将该文件保存为 Unicode 格式以防止数据丢失
f:\opencv3.2\build\include\opencv2\core\utility.hpp : warning C4819: 该文件包含不能在当前代码页(936)中表示的字符。请将该文件保存为 Unicode 格式以防止数据丢失
f:\opencv3.2\build\include\opencv2\imgproc.hpp(592): warning C4819: 该文件包含不能在当前代码页(936)中表示的字符。请将该文件保存为 Unicode 格式以防止数据丢失
d:\code\opencv\2015\object9_figurematch4.0（高纬度旋转训练集合）\object9_figurematch4.0（高纬度旋转训练集合）\源.cpp(30): warning C4244: “初始化”: 从“double”转换到“float”，可能丢失数据
d:\code\opencv\2015\object9_figurematch4.0（高纬度旋转训练集合）\object9_figurematch4.0（高纬度旋转训练集合）\源.cpp(37): warning C4244: “初始化”: 从“double”转换到“float”，可能丢失数据
d:\code\opencv\2015\object9_figurematch4.0（高纬度旋转训练集合）\object9_figurematch4.0（高纬度旋转训练集合）\源.cpp(43): warning C4244: “=”: 从“int”转换到“float”，可能丢失数据
d:\code\opencv\2015\object9_figurematch4.0（高纬度旋转训练集合）\object9_figurematch4.0（高纬度旋转训练集合）\源.cpp(44): warning C4244: “=”: 从“int”转换到“float”，可能丢失数据
d:\code\opencv\2015\object9_figurematch4.0（高纬度旋转训练集合）\object9_figurematch4.0（高纬度旋转训练集合）\源.cpp(46): warning C4244: “=”: 从“int”转换到“float”，可能丢失数据
d:\code\opencv\2015\object9_figurematch4.0（高纬度旋转训练集合）\object9_figurematch4.0（高纬度旋转训练集合）\源.cpp(47): warning C4244: “=”: 从“int”转换到“float”，可能丢失数据
d:\code\opencv\2015\object9_figurematch4.0（高纬度旋转训练集合）\object9_figurematch4.0（高纬度旋转训练集合）\源.cpp(89): warning C4244: “=”: 从“int”转换到“float”，可能丢失数据
d:\code\opencv\2015\object9_figurematch4.0（高纬度旋转训练集合）\object9_figurematch4.0（高纬度旋转训练集合）\源.cpp(90): warning C4244: “=”: 从“int”转换到“float”，可能丢失数据
d:\code\opencv\2015\object9_figurematch4.0（高纬度旋转训练集合）\object9_figurematch4.0（高纬度旋转训练集合）\源.cpp(101): warning C4244: “=”: 从“int”转换到“float”，可能丢失数据
d:\code\opencv\2015\object9_figurematch4.0（高纬度旋转训练集合）\object9_figurematch4.0（高纬度旋转训练集合）\源.cpp(102): warning C4244: “=”: 从“int”转换到“float”，可能丢失数据
d:\code\opencv\2015\object9_figurematch4.0（高纬度旋转训练集合）\object9_figurematch4.0（高纬度旋转训练集合）\源.cpp(113): warning C4244: “=”: 从“int”转换到“float”，可能丢失数据
d:\code\opencv\2015\object9_figurematch4.0（高纬度旋转训练集合）\object9_figurematch4.0（高纬度旋转训练集合）\源.cpp(114): warning C4244: “=”: 从“int”转换到“float”，可能丢失数据
d:\code\opencv\2015\object9_figurematch4.0（高纬度旋转训练集合）\object9_figurematch4.0（高纬度旋转训练集合）\源.cpp(125): warning C4244: “=”: 从“int”转换到“float”，可能丢失数据
d:\code\opencv\2015\object9_figurematch4.0（高纬度旋转训练集合）\object9_figurematch4.0（高纬度旋转训练集合）\源.cpp(126): warning C4244: “=”: 从“int”转换到“float”，可能丢失数据
d:\code\opencv\2015\object9_figurematch4.0（高纬度旋转训练集合）\object9_figurematch4.0（高纬度旋转训练集合）\源.cpp(133): warning C4244: “参数”: 从“float”转换到“int”，可能丢失数据
d:\code\opencv\2015\object9_figurematch4.0（高纬度旋转训练集合）\object9_figurematch4.0（高纬度旋转训练集合）\源.cpp(259): warning C4244: “=”: 从“int”转换到“float”，可能丢失数据
d:\code\opencv\2015\object9_figurematch4.0（高纬度旋转训练集合）\object9_figurematch4.0（高纬度旋转训练集合）\源.cpp(260): warning C4244: “=”: 从“int”转换到“float”，可能丢失数据
d:\code\opencv\2015\object9_figurematch4.0（高纬度旋转训练集合）\object9_figurematch4.0（高纬度旋转训练集合）\源.cpp(262): warning C4244: “=”: 从“int”转换到“float”，可能丢失数据
d:\code\opencv\2015\object9_figurematch4.0（高纬度旋转训练集合）\object9_figurematch4.0（高纬度旋转训练集合）\源.cpp(263): warning C4244: “=”: 从“int”转换到“float”，可能丢失数据
d:\code\opencv\2015\object9_figurematch4.0（高纬度旋转训练集合）\object9_figurematch4.0（高纬度旋转训练集合）\源.cpp(359): warning C4244: “参数”: 从“double”转换到“int”，可能丢失数据
d:\code\opencv\2015\object9_figurematch4.0（高纬度旋转训练集合）\object9_figurematch4.0（高纬度旋转训练集合）\源.cpp(389): warning C4267: “参数”: 从“size_t”转换到“int”，可能丢失数据
d:\code\opencv\2015\object9_figurematch4.0（高纬度旋转训练集合）\object9_figurematch4.0（高纬度旋转训练集合）\源.cpp(391): warning C4244: “=”: 从“int”转换到“float”，可能丢失数据
d:\code\opencv\2015\object9_figurematch4.0（高纬度旋转训练集合）\object9_figurematch4.0（高纬度旋转训练集合）\源.cpp(393): warning C4244: “=”: 从“float”转换到“int”，可能丢失数据
d:\code\opencv\2015\object9_figurematch4.0（高纬度旋转训练集合）\object9_figurematch4.0（高纬度旋转训练集合）\源.cpp(412): warning C4244: “=”: 从“int”转换到“float”，可能丢失数据
d:\code\opencv\2015\object9_figurematch4.0（高纬度旋转训练集合）\object9_figurematch4.0（高纬度旋转训练集合）\源.cpp(413): warning C4244: “=”: 从“int”转换到“float”，可能丢失数据
d:\code\opencv\2015\object9_figurematch4.0（高纬度旋转训练集合）\object9_figurematch4.0（高纬度旋转训练集合）\源.cpp(415): warning C4244: “=”: 从“int”转换到“float”，可能丢失数据
d:\code\opencv\2015\object9_figurematch4.0（高纬度旋转训练集合）\object9_figurematch4.0（高纬度旋转训练集合）\源.cpp(416): warning C4244: “=”: 从“int”转换到“float”，可能丢失数据
d:\code\opencv\2015\object9_figurematch4.0（高纬度旋转训练集合）\object9_figurematch4.0（高纬度旋转训练集合）\源.cpp(433): warning C4244: “=”: 从“int”转换到“float”，可能丢失数据
d:\code\opencv\2015\object9_figurematch4.0（高纬度旋转训练集合）\object9_figurematch4.0（高纬度旋转训练集合）\源.cpp(434): warning C4244: “=”: 从“int”转换到“float”，可能丢失数据
d:\code\opencv\2015\object9_figurematch4.0（高纬度旋转训练集合）\object9_figurematch4.0（高纬度旋转训练集合）\源.cpp(436): warning C4244: “=”: 从“int”转换到“float”，可能丢失数据
d:\code\opencv\2015\object9_figurematch4.0（高纬度旋转训练集合）\object9_figurematch4.0（高纬度旋转训练集合）\源.cpp(437): warning C4244: “=”: 从“int”转换到“float”，可能丢失数据
d:\code\opencv\2015\object9_figurematch4.0（高纬度旋转训练集合）\object9_figurematch4.0（高纬度旋转训练集合）\源.cpp(444): warning C4244: “初始化”: 从“double”转换到“float”，可能丢失数据
  object9_figurematch4.0（高纬度旋转训练集合）.vcxproj -> D:\code\opencv\2015\object9_figurematch4.0（高纬度旋转训练集合）\x64\Debug\object9_figurematch4.0（高纬度旋转训练集合）.exe
  object9_figurematch4.0（高纬度旋转训练集合）.vcxproj -> D:\code\opencv\2015\object9_figurematch4.0（高纬度旋转训练集合）\x64\Debug\object9_figurematch4.0（高纬度旋转训练集合）.pdb (Full PDB)
