  源.cpp
f:\opencv3.2\build\include\opencv2\core\mat.hpp(2586): warning C4819: 该文件包含不能在当前代码页(936)中表示的字符。请将该文件保存为 Unicode 格式以防止数据丢失
f:\opencv3.2\build\include\opencv2\core\persistence.hpp : warning C4819: 该文件包含不能在当前代码页(936)中表示的字符。请将该文件保存为 Unicode 格式以防止数据丢失
f:\opencv3.2\build\include\opencv2\core\utility.hpp : warning C4819: 该文件包含不能在当前代码页(936)中表示的字符。请将该文件保存为 Unicode 格式以防止数据丢失
f:\opencv3.2\build\include\opencv2\core\utility.hpp : warning C4819: 该文件包含不能在当前代码页(936)中表示的字符。请将该文件保存为 Unicode 格式以防止数据丢失
f:\opencv3.2\build\include\opencv2\imgproc.hpp(592): warning C4819: 该文件包含不能在当前代码页(936)中表示的字符。请将该文件保存为 Unicode 格式以防止数据丢失
d:\code\opencv\2015\object6_figurematch2.0（带倾斜矫正）\object6_figurematch2.0（带倾斜矫正）\源.cpp(30): warning C4244: “=”: 从“int”转换到“float”，可能丢失数据
d:\code\opencv\2015\object6_figurematch2.0（带倾斜矫正）\object6_figurematch2.0（带倾斜矫正）\源.cpp(31): warning C4244: “=”: 从“int”转换到“float”，可能丢失数据
d:\code\opencv\2015\object6_figurematch2.0（带倾斜矫正）\object6_figurematch2.0（带倾斜矫正）\源.cpp(33): warning C4244: “=”: 从“int”转换到“float”，可能丢失数据
d:\code\opencv\2015\object6_figurematch2.0（带倾斜矫正）\object6_figurematch2.0（带倾斜矫正）\源.cpp(34): warning C4244: “=”: 从“int”转换到“float”，可能丢失数据
d:\code\opencv\2015\object6_figurematch2.0（带倾斜矫正）\object6_figurematch2.0（带倾斜矫正）\源.cpp(77): warning C4244: “=”: 从“int”转换到“float”，可能丢失数据
d:\code\opencv\2015\object6_figurematch2.0（带倾斜矫正）\object6_figurematch2.0（带倾斜矫正）\源.cpp(78): warning C4244: “=”: 从“int”转换到“float”，可能丢失数据
d:\code\opencv\2015\object6_figurematch2.0（带倾斜矫正）\object6_figurematch2.0（带倾斜矫正）\源.cpp(89): warning C4244: “=”: 从“int”转换到“float”，可能丢失数据
d:\code\opencv\2015\object6_figurematch2.0（带倾斜矫正）\object6_figurematch2.0（带倾斜矫正）\源.cpp(90): warning C4244: “=”: 从“int”转换到“float”，可能丢失数据
d:\code\opencv\2015\object6_figurematch2.0（带倾斜矫正）\object6_figurematch2.0（带倾斜矫正）\源.cpp(101): warning C4244: “=”: 从“int”转换到“float”，可能丢失数据
d:\code\opencv\2015\object6_figurematch2.0（带倾斜矫正）\object6_figurematch2.0（带倾斜矫正）\源.cpp(102): warning C4244: “=”: 从“int”转换到“float”，可能丢失数据
d:\code\opencv\2015\object6_figurematch2.0（带倾斜矫正）\object6_figurematch2.0（带倾斜矫正）\源.cpp(113): warning C4244: “=”: 从“int”转换到“float”，可能丢失数据
d:\code\opencv\2015\object6_figurematch2.0（带倾斜矫正）\object6_figurematch2.0（带倾斜矫正）\源.cpp(114): warning C4244: “=”: 从“int”转换到“float”，可能丢失数据
d:\code\opencv\2015\object6_figurematch2.0（带倾斜矫正）\object6_figurematch2.0（带倾斜矫正）\源.cpp(121): warning C4244: “参数”: 从“float”转换到“int”，可能丢失数据
d:\code\opencv\2015\object6_figurematch2.0（带倾斜矫正）\object6_figurematch2.0（带倾斜矫正）\源.cpp(234): warning C4244: “参数”: 从“double”转换到“int”，可能丢失数据
d:\code\opencv\2015\object6_figurematch2.0（带倾斜矫正）\object6_figurematch2.0（带倾斜矫正）\源.cpp(245): warning C4267: “参数”: 从“size_t”转换到“int”，可能丢失数据
d:\code\opencv\2015\object6_figurematch2.0（带倾斜矫正）\object6_figurematch2.0（带倾斜矫正）\源.cpp(247): warning C4244: “=”: 从“int”转换到“float”，可能丢失数据
d:\code\opencv\2015\object6_figurematch2.0（带倾斜矫正）\object6_figurematch2.0（带倾斜矫正）\源.cpp(249): warning C4244: “=”: 从“float”转换到“int”，可能丢失数据
d:\code\opencv\2015\object6_figurematch2.0（带倾斜矫正）\object6_figurematch2.0（带倾斜矫正）\源.cpp(259): warning C4244: “=”: 从“int”转换到“float”，可能丢失数据
d:\code\opencv\2015\object6_figurematch2.0（带倾斜矫正）\object6_figurematch2.0（带倾斜矫正）\源.cpp(260): warning C4244: “=”: 从“int”转换到“float”，可能丢失数据
d:\code\opencv\2015\object6_figurematch2.0（带倾斜矫正）\object6_figurematch2.0（带倾斜矫正）\源.cpp(262): warning C4244: “=”: 从“int”转换到“float”，可能丢失数据
d:\code\opencv\2015\object6_figurematch2.0（带倾斜矫正）\object6_figurematch2.0（带倾斜矫正）\源.cpp(263): warning C4244: “=”: 从“int”转换到“float”，可能丢失数据
  object6_figurematch2.0（带倾斜矫正）.vcxproj -> D:\code\opencv\2015\object6_figurematch2.0（带倾斜矫正）\x64\Debug\object6_figurematch2.0（带倾斜矫正）.exe
  object6_figurematch2.0（带倾斜矫正）.vcxproj -> D:\code\opencv\2015\object6_figurematch2.0（带倾斜矫正）\x64\Debug\object6_figurematch2.0（带倾斜矫正）.pdb (Full PDB)
