  源.cpp
f:\opencv3.2\build\include\opencv2\core\mat.hpp(2586): warning C4819: 该文件包含不能在当前代码页(936)中表示的字符。请将该文件保存为 Unicode 格式以防止数据丢失
f:\opencv3.2\build\include\opencv2\core\persistence.hpp : warning C4819: 该文件包含不能在当前代码页(936)中表示的字符。请将该文件保存为 Unicode 格式以防止数据丢失
f:\opencv3.2\build\include\opencv2\core\utility.hpp : warning C4819: 该文件包含不能在当前代码页(936)中表示的字符。请将该文件保存为 Unicode 格式以防止数据丢失
f:\opencv3.2\build\include\opencv2\core\utility.hpp : warning C4819: 该文件包含不能在当前代码页(936)中表示的字符。请将该文件保存为 Unicode 格式以防止数据丢失
f:\opencv3.2\build\include\opencv2\imgproc.hpp(592): warning C4819: 该文件包含不能在当前代码页(936)中表示的字符。请将该文件保存为 Unicode 格式以防止数据丢失
d:\code\opencv\2015\训练用\训练用\源.cpp(24): warning C4244: “=”: 从“int”转换到“float”，可能丢失数据
d:\code\opencv\2015\训练用\训练用\源.cpp(25): warning C4244: “=”: 从“int”转换到“float”，可能丢失数据
d:\code\opencv\2015\训练用\训练用\源.cpp(27): warning C4244: “=”: 从“int”转换到“float”，可能丢失数据
d:\code\opencv\2015\训练用\训练用\源.cpp(28): warning C4244: “=”: 从“int”转换到“float”，可能丢失数据
d:\code\opencv\2015\训练用\训练用\源.cpp(59): warning C4018: “<”: 有符号/无符号不匹配
d:\code\opencv\2015\训练用\训练用\源.cpp(61): warning C4018: “<”: 有符号/无符号不匹配
d:\code\opencv\2015\训练用\训练用\源.cpp(76): warning C4018: “<”: 有符号/无符号不匹配
d:\code\opencv\2015\训练用\训练用\源.cpp(115): warning C4018: “<”: 有符号/无符号不匹配
d:\code\opencv\2015\训练用\训练用\源.cpp(121): warning C4018: “<”: 有符号/无符号不匹配
d:\code\opencv\2015\训练用\训练用\源.cpp(137): warning C4018: “<”: 有符号/无符号不匹配
d:\code\opencv\2015\训练用\训练用\源.cpp(138): warning C4244: “=”: 从“int”转换到“float”，可能丢失数据
d:\code\opencv\2015\训练用\训练用\源.cpp(176): warning C4018: “<”: 有符号/无符号不匹配
d:\code\opencv\2015\训练用\训练用\源.cpp(177): warning C4244: “=”: 从“int”转换到“float”，可能丢失数据
d:\code\opencv\2015\训练用\训练用\源.cpp(179): warning C4244: “=”: 从“float”转换到“int”，可能丢失数据
opencv_world320d.lib(opencv_world320d.dll) : fatal error LNK1112: 模块计算机类型“x64”与目标计算机类型“X86”冲突
